{"ip":"::1","level":"info","message":"Incoming Request","method":"GET","params":{},"path":"/api/habit/getUserHabits","query":{"sort_by":"createdAt","sort_order":"desc"},"requestId":"cjrmztpeeyhg3o8tvoy8re","service":"api-service","timestamp":"2025-04-06 23:03:19","url":"/api/habit/getUserHabits?sort_by=createdAt&sort_order=desc","userAgent":"Expo/1017655 CFNetwork/3826.400.120 Darwin/24.3.0"}
{"duration":"106ms","level":"info","message":"Request Completed","method":"GET","requestId":"cjrmztpeeyhg3o8tvoy8re","service":"api-service","status":200,"timestamp":"2025-04-06 23:03:19","url":"/getUserHabits?sort_by=createdAt&sort_order=desc"}
{"ip":"::1","level":"info","message":"Incoming Request","method":"GET","params":{},"path":"/api/blog/getBlogs","query":{"limit":"6"},"requestId":"xx3zi3tvrwn1fvcbtdfmqeh","service":"api-service","timestamp":"2025-04-06 23:03:24","url":"/api/blog/getBlogs?limit=6","userAgent":"Expo/1017655 CFNetwork/3826.400.120 Darwin/24.3.0"}
{"duration":"55ms","level":"info","message":"Request Completed","method":"GET","requestId":"xx3zi3tvrwn1fvcbtdfmqeh","service":"api-service","status":200,"timestamp":"2025-04-06 23:03:24","url":"/getBlogs?limit=6"}
{"ip":"::1","level":"info","message":"Incoming Request","method":"GET","params":{},"path":"/api/users/verifyUser","query":{},"requestId":"4vsycj8t2pqjehgd436rg","service":"api-service","timestamp":"2025-04-07 06:57:51","url":"/api/users/verifyUser","userAgent":"Expo/1017655 CFNetwork/3826.400.120 Darwin/24.3.0"}
{"duration":"50ms","level":"info","message":"Request Completed","method":"GET","requestId":"4vsycj8t2pqjehgd436rg","service":"api-service","status":200,"timestamp":"2025-04-07 06:57:51","url":"/verifyUser"}
{"ip":"::1","level":"info","message":"Incoming Request","method":"GET","params":{},"path":"/api/habit/getUserHabits","query":{},"requestId":"ccp1dqqdlorowzkmg3v1le","service":"api-service","timestamp":"2025-04-07 06:57:51","url":"/api/habit/getUserHabits","userAgent":"Expo/1017655 CFNetwork/3826.400.120 Darwin/24.3.0"}
{"duration":"78ms","level":"info","message":"Request Completed","method":"GET","requestId":"ccp1dqqdlorowzkmg3v1le","service":"api-service","status":200,"timestamp":"2025-04-07 06:57:51","url":"/getUserHabits"}
{"ip":"::1","level":"info","message":"Incoming Request","method":"GET","params":{},"path":"/api/habit/getHabitsByDate/2025-04-07","query":{},"requestId":"060gyxw525fomfineqfcjsk","service":"api-service","timestamp":"2025-04-07 06:57:51","url":"/api/habit/getHabitsByDate/2025-04-07","userAgent":"Expo/1017655 CFNetwork/3826.400.120 Darwin/24.3.0"}
{"duration":"36ms","level":"info","message":"Request Completed","method":"GET","requestId":"060gyxw525fomfineqfcjsk","service":"api-service","status":200,"timestamp":"2025-04-07 06:57:51","url":"/getHabitsByDate/2025-04-07"}
{"ip":"::1","level":"info","message":"Incoming Request","method":"GET","params":{},"path":"/api/users/verifyUser","query":{},"requestId":"k21t1xrjdq8xvv5847nf","service":"api-service","timestamp":"2025-04-07 07:14:06","url":"/api/users/verifyUser","userAgent":"Expo/1017655 CFNetwork/3826.400.120 Darwin/24.3.0"}
{"duration":"60ms","level":"info","message":"Request Completed","method":"GET","requestId":"k21t1xrjdq8xvv5847nf","service":"api-service","status":304,"timestamp":"2025-04-07 07:14:06","url":"/verifyUser"}
{"ip":"::1","level":"info","message":"Incoming Request","method":"GET","params":{},"path":"/api/habit/getUserHabits","query":{},"requestId":"0vltxy623eozfyv9uys76m","service":"api-service","timestamp":"2025-04-07 07:14:06","url":"/api/habit/getUserHabits","userAgent":"Expo/1017655 CFNetwork/3826.400.120 Darwin/24.3.0"}
{"duration":"70ms","level":"info","message":"Request Completed","method":"GET","requestId":"0vltxy623eozfyv9uys76m","service":"api-service","status":200,"timestamp":"2025-04-07 07:14:06","url":"/getUserHabits"}
{"ip":"::1","level":"info","message":"Incoming Request","method":"GET","params":{},"path":"/api/habit/getHabitsByDate/2025-04-07","query":{},"requestId":"6hytrg496hoauckb3w91q","service":"api-service","timestamp":"2025-04-07 07:14:06","url":"/api/habit/getHabitsByDate/2025-04-07","userAgent":"Expo/1017655 CFNetwork/3826.400.120 Darwin/24.3.0"}
{"duration":"14ms","level":"info","message":"Request Completed","method":"GET","requestId":"6hytrg496hoauckb3w91q","service":"api-service","status":200,"timestamp":"2025-04-07 07:14:06","url":"/getHabitsByDate/2025-04-07"}
{"ip":"::1","level":"info","message":"Incoming Request","method":"GET","params":{},"path":"/api/users/verifyUser","query":{},"requestId":"nxap50xpw1kiw9b11xp2r","service":"api-service","timestamp":"2025-04-07 07:14:17","url":"/api/users/verifyUser","userAgent":"Expo/1017655 CFNetwork/3826.400.120 Darwin/24.3.0"}
{"duration":"8ms","level":"info","message":"Request Completed","method":"GET","requestId":"nxap50xpw1kiw9b11xp2r","service":"api-service","status":304,"timestamp":"2025-04-07 07:14:17","url":"/verifyUser"}
{"ip":"::1","level":"info","message":"Incoming Request","method":"GET","params":{},"path":"/api/habit/getUserHabits","query":{},"requestId":"236fin3q4b7jffdqlgmlvvo","service":"api-service","timestamp":"2025-04-07 07:14:17","url":"/api/habit/getUserHabits","userAgent":"Expo/1017655 CFNetwork/3826.400.120 Darwin/24.3.0"}
{"duration":"13ms","level":"info","message":"Request Completed","method":"GET","requestId":"236fin3q4b7jffdqlgmlvvo","service":"api-service","status":304,"timestamp":"2025-04-07 07:14:17","url":"/getUserHabits"}
{"ip":"::1","level":"info","message":"Incoming Request","method":"GET","params":{},"path":"/api/habit/getHabitsByDate/2025-04-07","query":{},"requestId":"lwp927rfe4crjzn9fli5kp","service":"api-service","timestamp":"2025-04-07 07:14:17","url":"/api/habit/getHabitsByDate/2025-04-07","userAgent":"Expo/1017655 CFNetwork/3826.400.120 Darwin/24.3.0"}
{"duration":"21ms","level":"info","message":"Request Completed","method":"GET","requestId":"lwp927rfe4crjzn9fli5kp","service":"api-service","status":304,"timestamp":"2025-04-07 07:14:17","url":"/getHabitsByDate/2025-04-07"}
{"ip":"::1","level":"info","message":"Incoming Request","method":"GET","params":{},"path":"/api/blog/getBlogs","query":{"limit":"6"},"requestId":"v41y49zf3gjed38xu5hyrp","service":"api-service","timestamp":"2025-04-07 07:14:29","url":"/api/blog/getBlogs?limit=6","userAgent":"Expo/1017655 CFNetwork/3826.400.120 Darwin/24.3.0"}
{"duration":"69ms","level":"info","message":"Request Completed","method":"GET","requestId":"v41y49zf3gjed38xu5hyrp","service":"api-service","status":304,"timestamp":"2025-04-07 07:14:29","url":"/getBlogs?limit=6"}
{"ip":"::1","level":"info","message":"Incoming Request","method":"GET","params":{},"path":"/api/users/verifyUser","query":{},"requestId":"zhvkrjkrrnssk1qzouxuol","service":"api-service","timestamp":"2025-04-07 07:14:46","url":"/api/users/verifyUser","userAgent":"Expo/1017655 CFNetwork/3826.400.120 Darwin/24.3.0"}
{"duration":"8ms","level":"info","message":"Request Completed","method":"GET","requestId":"zhvkrjkrrnssk1qzouxuol","service":"api-service","status":304,"timestamp":"2025-04-07 07:14:46","url":"/verifyUser"}
{"ip":"::1","level":"info","message":"Incoming Request","method":"GET","params":{},"path":"/api/habit/getUserHabits","query":{},"requestId":"2e2x99m1gwhgndwoah0pfk","service":"api-service","timestamp":"2025-04-07 07:14:46","url":"/api/habit/getUserHabits","userAgent":"Expo/1017655 CFNetwork/3826.400.120 Darwin/24.3.0"}
{"duration":"19ms","level":"info","message":"Request Completed","method":"GET","requestId":"2e2x99m1gwhgndwoah0pfk","service":"api-service","status":304,"timestamp":"2025-04-07 07:14:46","url":"/getUserHabits"}
{"ip":"::1","level":"info","message":"Incoming Request","method":"GET","params":{},"path":"/api/habit/getHabitsByDate/2025-04-07","query":{},"requestId":"msa0ktbjhxqzwwfax0szne","service":"api-service","timestamp":"2025-04-07 07:14:46","url":"/api/habit/getHabitsByDate/2025-04-07","userAgent":"Expo/1017655 CFNetwork/3826.400.120 Darwin/24.3.0"}
{"duration":"12ms","level":"info","message":"Request Completed","method":"GET","requestId":"msa0ktbjhxqzwwfax0szne","service":"api-service","status":304,"timestamp":"2025-04-07 07:14:46","url":"/getHabitsByDate/2025-04-07"}
{"ip":"::1","level":"info","message":"Incoming Request","method":"GET","params":{},"path":"/api/domain/getAllDomains","query":{},"requestId":"en1lfqx9hm9pxwm5j330e","service":"api-service","timestamp":"2025-04-07 07:15:37","url":"/api/domain/getAllDomains","userAgent":"Expo/1017655 CFNetwork/3826.400.120 Darwin/24.3.0"}
{"duration":"70ms","level":"info","message":"Request Completed","method":"GET","requestId":"en1lfqx9hm9pxwm5j330e","service":"api-service","status":200,"timestamp":"2025-04-07 07:15:37","url":"/getAllDomains"}
{"ip":"::1","level":"info","message":"Incoming Request","method":"GET","params":{},"path":"/api/habit/getUserHabits","query":{},"requestId":"em2db44hrlugwkowgzixje","service":"api-service","timestamp":"2025-04-07 07:15:40","url":"/api/habit/getUserHabits","userAgent":"Expo/1017655 CFNetwork/3826.400.120 Darwin/24.3.0"}
{"duration":"14ms","level":"info","message":"Request Completed","method":"GET","requestId":"em2db44hrlugwkowgzixje","service":"api-service","status":304,"timestamp":"2025-04-07 07:15:40","url":"/getUserHabits"}
{"ip":"::1","level":"info","message":"Incoming Request","method":"GET","params":{},"path":"/api/habit/domains","query":{},"requestId":"3jz4vd6q9azknibzynqoi","service":"api-service","timestamp":"2025-04-07 07:15:40","url":"/api/habit/domains","userAgent":"Expo/1017655 CFNetwork/3826.400.120 Darwin/24.3.0"}
{"ip":"::1","level":"info","message":"Incoming Request","method":"GET","params":{},"path":"/api/habit/analytics/7","query":{},"requestId":"55u0z4o39kjha9c35szgh","service":"api-service","timestamp":"2025-04-07 07:15:40","url":"/api/habit/analytics/7","userAgent":"Expo/1017655 CFNetwork/3826.400.120 Darwin/24.3.0"}
{"duration":"43ms","level":"info","message":"Request Completed","method":"GET","requestId":"3jz4vd6q9azknibzynqoi","service":"api-service","status":200,"timestamp":"2025-04-07 07:15:40","url":"/domains"}
{"duration":"83ms","level":"info","message":"Request Completed","method":"GET","requestId":"55u0z4o39kjha9c35szgh","service":"api-service","status":200,"timestamp":"2025-04-07 07:15:40","url":"/analytics/7"}
{"ip":"::1","level":"info","message":"Incoming Request","method":"GET","params":{},"path":"/api/leaderboard/points","query":{"limit":"10","timeframe":"weekly"},"requestId":"aul9ijala27z70t39zzhz","service":"api-service","timestamp":"2025-04-07 07:15:42","url":"/api/leaderboard/points?timeframe=weekly&limit=10","userAgent":"Expo/1017655 CFNetwork/3826.400.120 Darwin/24.3.0"}
{"ip":"::1","level":"info","message":"Incoming Request","method":"GET","params":{},"path":"/api/leaderboard/points","query":{"limit":"10","timeframe":"weekly"},"requestId":"kt4s22608p4g73gg6h6tj","service":"api-service","timestamp":"2025-04-07 07:15:42","url":"/api/leaderboard/points?timeframe=weekly&limit=10","userAgent":"Expo/1017655 CFNetwork/3826.400.120 Darwin/24.3.0"}
{"duration":"104ms","level":"info","message":"Request Completed","method":"GET","requestId":"aul9ijala27z70t39zzhz","service":"api-service","status":200,"timestamp":"2025-04-07 07:15:43","url":"/points?timeframe=weekly&limit=10"}
{"duration":"158ms","level":"info","message":"Request Completed","method":"GET","requestId":"kt4s22608p4g73gg6h6tj","service":"api-service","status":200,"timestamp":"2025-04-07 07:15:43","url":"/points?timeframe=weekly&limit=10"}
{"ip":"::1","level":"info","message":"Incoming Request","method":"GET","params":{},"path":"/api/leaderboard/points","query":{"limit":"10","timeframe":"weekly"},"requestId":"4cl6syqjxngphakkpfmuqs","service":"api-service","timestamp":"2025-04-07 07:17:55","url":"/api/leaderboard/points?timeframe=weekly&limit=10","userAgent":"Expo/1017655 CFNetwork/3826.400.120 Darwin/24.3.0"}
{"duration":"5ms","level":"info","message":"Request Completed","method":"GET","requestId":"4cl6syqjxngphakkpfmuqs","service":"api-service","status":304,"timestamp":"2025-04-07 07:17:55","url":"/points?timeframe=weekly&limit=10"}
{"ip":"::1","level":"info","message":"Incoming Request","method":"GET","params":{},"path":"/api/leaderboard/streaks","query":{"limit":"10"},"requestId":"jvi5awdem5dfrmeysyd58p","service":"api-service","timestamp":"2025-04-07 07:18:03","url":"/api/leaderboard/streaks?limit=10","userAgent":"Expo/1017655 CFNetwork/3826.400.120 Darwin/24.3.0"}
{"duration":"7ms","level":"info","message":"Request Completed","method":"GET","requestId":"jvi5awdem5dfrmeysyd58p","service":"api-service","status":200,"timestamp":"2025-04-07 07:18:03","url":"/streaks?limit=10"}
{"ip":"::1","level":"info","message":"Incoming Request","method":"GET","params":{},"path":"/api/leaderboard/domains","query":{"limit":"10","timeframe":"weekly"},"requestId":"mnfaegfsy8ly04q68b3hhi","service":"api-service","timestamp":"2025-04-07 07:18:05","url":"/api/leaderboard/domains?timeframe=weekly&limit=10","userAgent":"Expo/1017655 CFNetwork/3826.400.120 Darwin/24.3.0"}
{"duration":"8ms","level":"info","message":"Request Completed","method":"GET","requestId":"mnfaegfsy8ly04q68b3hhi","service":"api-service","status":200,"timestamp":"2025-04-07 07:18:05","url":"/domains?timeframe=weekly&limit=10"}
{"ip":"::1","level":"info","message":"Incoming Request","method":"GET","params":{},"path":"/api/leaderboard/points","query":{"limit":"10","timeframe":"weekly"},"requestId":"dhg1eg8a5oqxo00400o1","service":"api-service","timestamp":"2025-04-07 07:18:06","url":"/api/leaderboard/points?timeframe=weekly&limit=10","userAgent":"Expo/1017655 CFNetwork/3826.400.120 Darwin/24.3.0"}
{"duration":"5ms","level":"info","message":"Request Completed","method":"GET","requestId":"dhg1eg8a5oqxo00400o1","service":"api-service","status":304,"timestamp":"2025-04-07 07:18:06","url":"/points?timeframe=weekly&limit=10"}
{"ip":"::1","level":"info","message":"Incoming Request","method":"GET","params":{},"path":"/api/leaderboard/points","query":{"limit":"10","timeframe":"allTime"},"requestId":"yqi5ikkmkjjc1c4n634lh","service":"api-service","timestamp":"2025-04-07 07:18:11","url":"/api/leaderboard/points?timeframe=allTime&limit=10","userAgent":"Expo/1017655 CFNetwork/3826.400.120 Darwin/24.3.0"}
{"duration":"6ms","level":"info","message":"Request Completed","method":"GET","requestId":"yqi5ikkmkjjc1c4n634lh","service":"api-service","status":200,"timestamp":"2025-04-07 07:18:11","url":"/points?timeframe=allTime&limit=10"}
{"ip":"::1","level":"info","message":"Incoming Request","method":"GET","params":{},"path":"/api/leaderboard/points","query":{"limit":"10","timeframe":"monthly"},"requestId":"nwtvpfgslbifj7v50sdymg","service":"api-service","timestamp":"2025-04-07 07:18:17","url":"/api/leaderboard/points?timeframe=monthly&limit=10","userAgent":"Expo/1017655 CFNetwork/3826.400.120 Darwin/24.3.0"}
{"duration":"6ms","level":"info","message":"Request Completed","method":"GET","requestId":"nwtvpfgslbifj7v50sdymg","service":"api-service","status":200,"timestamp":"2025-04-07 07:18:17","url":"/points?timeframe=monthly&limit=10"}
{"ip":"::1","level":"info","message":"Incoming Request","method":"GET","params":{},"path":"/api/leaderboard/points","query":{"limit":"10","timeframe":"weekly"},"requestId":"e24u5tsp7md7egvckvj57j","service":"api-service","timestamp":"2025-04-07 07:18:21","url":"/api/leaderboard/points?timeframe=weekly&limit=10","userAgent":"Expo/1017655 CFNetwork/3826.400.120 Darwin/24.3.0"}
{"duration":"14ms","level":"info","message":"Request Completed","method":"GET","requestId":"e24u5tsp7md7egvckvj57j","service":"api-service","status":304,"timestamp":"2025-04-07 07:18:21","url":"/points?timeframe=weekly&limit=10"}
{"ip":"::1","level":"info","message":"Incoming Request","method":"GET","params":{},"path":"/api/leaderboard/streaks","query":{"limit":"10"},"requestId":"xzr84o1vtvcwezsuuevzbm","service":"api-service","timestamp":"2025-04-07 07:18:22","url":"/api/leaderboard/streaks?limit=10","userAgent":"Expo/1017655 CFNetwork/3826.400.120 Darwin/24.3.0"}
{"duration":"6ms","level":"info","message":"Request Completed","method":"GET","requestId":"xzr84o1vtvcwezsuuevzbm","service":"api-service","status":304,"timestamp":"2025-04-07 07:18:22","url":"/streaks?limit=10"}
{"ip":"::1","level":"info","message":"Incoming Request","method":"GET","params":{},"path":"/api/leaderboard/domains","query":{"limit":"10","timeframe":"weekly"},"requestId":"nsjikw7t9ejr5cqc4vp2vo","service":"api-service","timestamp":"2025-04-07 07:18:41","url":"/api/leaderboard/domains?timeframe=weekly&limit=10","userAgent":"Expo/1017655 CFNetwork/3826.400.120 Darwin/24.3.0"}
{"duration":"10ms","level":"info","message":"Request Completed","method":"GET","requestId":"nsjikw7t9ejr5cqc4vp2vo","service":"api-service","status":304,"timestamp":"2025-04-07 07:18:41","url":"/domains?timeframe=weekly&limit=10"}
{"ip":"::1","level":"info","message":"Incoming Request","method":"GET","params":{},"path":"/api/leaderboard/streaks","query":{"limit":"10"},"requestId":"197ik3wrjf5xpo2vtzmyv","service":"api-service","timestamp":"2025-04-07 07:18:43","url":"/api/leaderboard/streaks?limit=10","userAgent":"Expo/1017655 CFNetwork/3826.400.120 Darwin/24.3.0"}
{"duration":"7ms","level":"info","message":"Request Completed","method":"GET","requestId":"197ik3wrjf5xpo2vtzmyv","service":"api-service","status":304,"timestamp":"2025-04-07 07:18:43","url":"/streaks?limit=10"}
{"ip":"::1","level":"info","message":"Incoming Request","method":"GET","params":{},"path":"/api/leaderboard/points","query":{"limit":"10","timeframe":"weekly"},"requestId":"eu6ic75wjfmjn12p2auuhn","service":"api-service","timestamp":"2025-04-07 07:18:46","url":"/api/leaderboard/points?timeframe=weekly&limit=10","userAgent":"Expo/1017655 CFNetwork/3826.400.120 Darwin/24.3.0"}
{"duration":"7ms","level":"info","message":"Request Completed","method":"GET","requestId":"eu6ic75wjfmjn12p2auuhn","service":"api-service","status":304,"timestamp":"2025-04-07 07:18:46","url":"/points?timeframe=weekly&limit=10"}
{"ip":"::1","level":"info","message":"Incoming Request","method":"GET","params":{},"path":"/api/leaderboard/points","query":{"limit":"10","timeframe":"weekly"},"requestId":"dfzqbvom0pd22p4z1dkjtb","service":"api-service","timestamp":"2025-04-07 07:18:48","url":"/api/leaderboard/points?timeframe=weekly&limit=10","userAgent":"Expo/1017655 CFNetwork/3826.400.120 Darwin/24.3.0"}
{"duration":"6ms","level":"info","message":"Request Completed","method":"GET","requestId":"dfzqbvom0pd22p4z1dkjtb","service":"api-service","status":304,"timestamp":"2025-04-07 07:18:48","url":"/points?timeframe=weekly&limit=10"}
{"ip":"::1","level":"info","message":"Incoming Request","method":"GET","params":{},"path":"/api/leaderboard/points","query":{"limit":"10","timeframe":"allTime"},"requestId":"v2omx8n9luod1bgbrubgdu","service":"api-service","timestamp":"2025-04-07 07:18:54","url":"/api/leaderboard/points?timeframe=allTime&limit=10","userAgent":"Expo/1017655 CFNetwork/3826.400.120 Darwin/24.3.0"}
{"duration":"8ms","level":"info","message":"Request Completed","method":"GET","requestId":"v2omx8n9luod1bgbrubgdu","service":"api-service","status":304,"timestamp":"2025-04-07 07:18:54","url":"/points?timeframe=allTime&limit=10"}
{"ip":"::1","level":"info","message":"Incoming Request","method":"GET","params":{},"path":"/api/leaderboard/domains","query":{"limit":"10","timeframe":"allTime"},"requestId":"i33kj3wjkxhozhi38pm0f","service":"api-service","timestamp":"2025-04-07 07:18:57","url":"/api/leaderboard/domains?timeframe=allTime&limit=10","userAgent":"Expo/1017655 CFNetwork/3826.400.120 Darwin/24.3.0"}
{"duration":"13ms","level":"info","message":"Request Completed","method":"GET","requestId":"i33kj3wjkxhozhi38pm0f","service":"api-service","status":200,"timestamp":"2025-04-07 07:18:57","url":"/domains?timeframe=allTime&limit=10"}
{"ip":"::1","level":"info","message":"Incoming Request","method":"GET","params":{},"path":"/api/leaderboard/streaks","query":{"limit":"10"},"requestId":"5sfjhm852dr3u4ztobbgko","service":"api-service","timestamp":"2025-04-07 07:19:00","url":"/api/leaderboard/streaks?limit=10","userAgent":"Expo/1017655 CFNetwork/3826.400.120 Darwin/24.3.0"}
{"duration":"6ms","level":"info","message":"Request Completed","method":"GET","requestId":"5sfjhm852dr3u4ztobbgko","service":"api-service","status":304,"timestamp":"2025-04-07 07:19:00","url":"/streaks?limit=10"}
{"ip":"::1","level":"info","message":"Incoming Request","method":"GET","params":{},"path":"/api/leaderboard/streaks","query":{"limit":"10"},"requestId":"yvlbw5s3i3u7ggt4pjyi","service":"api-service","timestamp":"2025-04-07 07:19:01","url":"/api/leaderboard/streaks?limit=10","userAgent":"Expo/1017655 CFNetwork/3826.400.120 Darwin/24.3.0"}
{"duration":"5ms","level":"info","message":"Request Completed","method":"GET","requestId":"yvlbw5s3i3u7ggt4pjyi","service":"api-service","status":304,"timestamp":"2025-04-07 07:19:01","url":"/streaks?limit=10"}
{"ip":"::1","level":"info","message":"Incoming Request","method":"GET","params":{},"path":"/api/leaderboard/streaks","query":{"limit":"10"},"requestId":"wegz0rhdxdtobxsdx05jm","service":"api-service","timestamp":"2025-04-07 07:19:02","url":"/api/leaderboard/streaks?limit=10","userAgent":"Expo/1017655 CFNetwork/3826.400.120 Darwin/24.3.0"}
{"duration":"5ms","level":"info","message":"Request Completed","method":"GET","requestId":"wegz0rhdxdtobxsdx05jm","service":"api-service","status":304,"timestamp":"2025-04-07 07:19:02","url":"/streaks?limit=10"}
{"ip":"::1","level":"info","message":"Incoming Request","method":"GET","params":{},"path":"/api/leaderboard/streaks","query":{"limit":"10"},"requestId":"z8o8tgsfn5m1lts1148b","service":"api-service","timestamp":"2025-04-07 07:19:03","url":"/api/leaderboard/streaks?limit=10","userAgent":"Expo/1017655 CFNetwork/3826.400.120 Darwin/24.3.0"}
{"duration":"4ms","level":"info","message":"Request Completed","method":"GET","requestId":"z8o8tgsfn5m1lts1148b","service":"api-service","status":304,"timestamp":"2025-04-07 07:19:03","url":"/streaks?limit=10"}
{"ip":"::1","level":"info","message":"Incoming Request","method":"GET","params":{},"path":"/api/leaderboard/streaks","query":{"limit":"10"},"requestId":"34qzwayo03zdu82umky2el","service":"api-service","timestamp":"2025-04-07 07:19:04","url":"/api/leaderboard/streaks?limit=10","userAgent":"Expo/1017655 CFNetwork/3826.400.120 Darwin/24.3.0"}
{"duration":"5ms","level":"info","message":"Request Completed","method":"GET","requestId":"34qzwayo03zdu82umky2el","service":"api-service","status":304,"timestamp":"2025-04-07 07:19:04","url":"/streaks?limit=10"}
{"ip":"::1","level":"info","message":"Incoming Request","method":"GET","params":{},"path":"/api/leaderboard/domains","query":{"limit":"10","timeframe":"allTime"},"requestId":"mr0x5rg8cktmojeu6x3m","service":"api-service","timestamp":"2025-04-07 07:19:05","url":"/api/leaderboard/domains?timeframe=allTime&limit=10","userAgent":"Expo/1017655 CFNetwork/3826.400.120 Darwin/24.3.0"}
{"duration":"8ms","level":"info","message":"Request Completed","method":"GET","requestId":"mr0x5rg8cktmojeu6x3m","service":"api-service","status":304,"timestamp":"2025-04-07 07:19:05","url":"/domains?timeframe=allTime&limit=10"}
{"ip":"::1","level":"info","message":"Incoming Request","method":"GET","params":{},"path":"/api/leaderboard/domains","query":{"limit":"10","timeframe":"allTime"},"requestId":"cua1cva3g852xs7y78ccvv","service":"api-service","timestamp":"2025-04-07 07:19:17","url":"/api/leaderboard/domains?timeframe=allTime&limit=10","userAgent":"Expo/1017655 CFNetwork/3826.400.120 Darwin/24.3.0"}
{"duration":"10ms","level":"info","message":"Request Completed","method":"GET","requestId":"cua1cva3g852xs7y78ccvv","service":"api-service","status":304,"timestamp":"2025-04-07 07:19:17","url":"/domains?timeframe=allTime&limit=10"}
{"ip":"::1","level":"info","message":"Incoming Request","method":"GET","params":{},"path":"/api/blog/getBlogs","query":{"limit":"6"},"requestId":"0p0xftvzntapys6cisznupa","service":"api-service","timestamp":"2025-04-07 07:19:21","url":"/api/blog/getBlogs?limit=6","userAgent":"Expo/1017655 CFNetwork/3826.400.120 Darwin/24.3.0"}
{"duration":"6ms","level":"info","message":"Request Completed","method":"GET","requestId":"0p0xftvzntapys6cisznupa","service":"api-service","status":304,"timestamp":"2025-04-07 07:19:21","url":"/getBlogs?limit=6"}
{"ip":"::1","level":"info","message":"Incoming Request","method":"GET","params":{},"path":"/api/habit/getUserHabits","query":{},"requestId":"jkdub9mhvz9y0wvefhhnt","service":"api-service","timestamp":"2025-04-07 07:19:23","url":"/api/habit/getUserHabits","userAgent":"Expo/1017655 CFNetwork/3826.400.120 Darwin/24.3.0"}
{"duration":"71ms","level":"info","message":"Request Completed","method":"GET","requestId":"jkdub9mhvz9y0wvefhhnt","service":"api-service","status":304,"timestamp":"2025-04-07 07:19:23","url":"/getUserHabits"}
{"ip":"::1","level":"info","message":"Incoming Request","method":"GET","params":{},"path":"/api/habit/getHabitsByDate/2025-04-07","query":{},"requestId":"4smazq2r68xanzr7no0vz","service":"api-service","timestamp":"2025-04-07 07:19:23","url":"/api/habit/getHabitsByDate/2025-04-07","userAgent":"Expo/1017655 CFNetwork/3826.400.120 Darwin/24.3.0"}
{"duration":"15ms","level":"info","message":"Request Completed","method":"GET","requestId":"4smazq2r68xanzr7no0vz","service":"api-service","status":304,"timestamp":"2025-04-07 07:19:23","url":"/getHabitsByDate/2025-04-07"}
{"ip":"::1","level":"info","message":"Incoming Request","method":"GET","params":{},"path":"/api/habit/getUserHabits","query":{},"requestId":"qy1ob8elkik73berbgjhuy","service":"api-service","timestamp":"2025-04-07 07:19:34","url":"/api/habit/getUserHabits","userAgent":"Expo/1017655 CFNetwork/3826.400.120 Darwin/24.3.0"}
{"duration":"37ms","level":"info","message":"Request Completed","method":"GET","requestId":"qy1ob8elkik73berbgjhuy","service":"api-service","status":304,"timestamp":"2025-04-07 07:19:34","url":"/getUserHabits"}
{"ip":"::1","level":"info","message":"Incoming Request","method":"GET","params":{},"path":"/api/habit/getHabitsByDate/2025-04-07","query":{},"requestId":"sgqq5fp0kzk2yinubacpp","service":"api-service","timestamp":"2025-04-07 07:19:34","url":"/api/habit/getHabitsByDate/2025-04-07","userAgent":"Expo/1017655 CFNetwork/3826.400.120 Darwin/24.3.0"}
{"duration":"39ms","level":"info","message":"Request Completed","method":"GET","requestId":"sgqq5fp0kzk2yinubacpp","service":"api-service","status":304,"timestamp":"2025-04-07 07:19:34","url":"/getHabitsByDate/2025-04-07"}
{"ip":"::1","level":"info","message":"Incoming Request","method":"GET","params":{},"path":"/api/habit/getUserHabits","query":{},"requestId":"uepjhneclsrmhurce6yaqd","service":"api-service","timestamp":"2025-04-07 07:19:35","url":"/api/habit/getUserHabits","userAgent":"Expo/1017655 CFNetwork/3826.400.120 Darwin/24.3.0"}
{"duration":"16ms","level":"info","message":"Request Completed","method":"GET","requestId":"uepjhneclsrmhurce6yaqd","service":"api-service","status":304,"timestamp":"2025-04-07 07:19:35","url":"/getUserHabits"}
{"ip":"::1","level":"info","message":"Incoming Request","method":"GET","params":{},"path":"/api/habit/getHabitsByDate/2025-04-07","query":{},"requestId":"3lp69bfuaagg4d94qv9cdl","service":"api-service","timestamp":"2025-04-07 07:19:35","url":"/api/habit/getHabitsByDate/2025-04-07","userAgent":"Expo/1017655 CFNetwork/3826.400.120 Darwin/24.3.0"}
{"duration":"20ms","level":"info","message":"Request Completed","method":"GET","requestId":"3lp69bfuaagg4d94qv9cdl","service":"api-service","status":304,"timestamp":"2025-04-07 07:19:36","url":"/getHabitsByDate/2025-04-07"}
{"ip":"::1","level":"info","message":"Incoming Request","method":"GET","params":{},"path":"/api/habit/getUserHabits","query":{},"requestId":"1cqzc2veyz9n980rkv14hs","service":"api-service","timestamp":"2025-04-07 07:19:37","url":"/api/habit/getUserHabits","userAgent":"Expo/1017655 CFNetwork/3826.400.120 Darwin/24.3.0"}
{"duration":"10ms","level":"info","message":"Request Completed","method":"GET","requestId":"1cqzc2veyz9n980rkv14hs","service":"api-service","status":304,"timestamp":"2025-04-07 07:19:37","url":"/getUserHabits"}
{"ip":"::1","level":"info","message":"Incoming Request","method":"GET","params":{},"path":"/api/habit/getHabitsByDate/2025-04-07","query":{},"requestId":"59b4mjddvr3mzom2r4g1z","service":"api-service","timestamp":"2025-04-07 07:19:37","url":"/api/habit/getHabitsByDate/2025-04-07","userAgent":"Expo/1017655 CFNetwork/3826.400.120 Darwin/24.3.0"}
{"duration":"10ms","level":"info","message":"Request Completed","method":"GET","requestId":"59b4mjddvr3mzom2r4g1z","service":"api-service","status":304,"timestamp":"2025-04-07 07:19:37","url":"/getHabitsByDate/2025-04-07"}
{"ip":"::1","level":"info","message":"Incoming Request","method":"GET","params":{},"path":"/api/habit/getUserHabits","query":{},"requestId":"hqmfac6o2ivesbt25o0tj4","service":"api-service","timestamp":"2025-04-07 07:19:37","url":"/api/habit/getUserHabits","userAgent":"Expo/1017655 CFNetwork/3826.400.120 Darwin/24.3.0"}
{"duration":"10ms","level":"info","message":"Request Completed","method":"GET","requestId":"hqmfac6o2ivesbt25o0tj4","service":"api-service","status":304,"timestamp":"2025-04-07 07:19:37","url":"/getUserHabits"}
{"ip":"::1","level":"info","message":"Incoming Request","method":"GET","params":{},"path":"/api/habit/getHabitsByDate/2025-04-07","query":{},"requestId":"ckfesdhrea7ib7cbe3dzsk","service":"api-service","timestamp":"2025-04-07 07:19:38","url":"/api/habit/getHabitsByDate/2025-04-07","userAgent":"Expo/1017655 CFNetwork/3826.400.120 Darwin/24.3.0"}
{"duration":"11ms","level":"info","message":"Request Completed","method":"GET","requestId":"ckfesdhrea7ib7cbe3dzsk","service":"api-service","status":304,"timestamp":"2025-04-07 07:19:38","url":"/getHabitsByDate/2025-04-07"}
{"ip":"::1","level":"info","message":"Incoming Request","method":"GET","params":{},"path":"/api/users/verifyUser","query":{},"requestId":"3cxhxdu8rowbqyvtjp3gq4","service":"api-service","timestamp":"2025-04-07 07:19:46","url":"/api/users/verifyUser","userAgent":"Expo/1017655 CFNetwork/3826.400.120 Darwin/24.3.0"}
{"duration":"67ms","level":"info","message":"Request Completed","method":"GET","requestId":"3cxhxdu8rowbqyvtjp3gq4","service":"api-service","status":304,"timestamp":"2025-04-07 07:19:46","url":"/verifyUser"}
{"ip":"::1","level":"info","message":"Incoming Request","method":"GET","params":{},"path":"/api/habit/getUserHabits","query":{},"requestId":"r8p80t77mysusl9prbsoc","service":"api-service","timestamp":"2025-04-07 07:19:47","url":"/api/habit/getUserHabits","userAgent":"Expo/1017655 CFNetwork/3826.400.120 Darwin/24.3.0"}
{"duration":"37ms","level":"info","message":"Request Completed","method":"GET","requestId":"r8p80t77mysusl9prbsoc","service":"api-service","status":304,"timestamp":"2025-04-07 07:19:47","url":"/getUserHabits"}
{"ip":"::1","level":"info","message":"Incoming Request","method":"GET","params":{},"path":"/api/habit/getHabitsByDate/2025-04-07","query":{},"requestId":"jl172v7euqpoe9ea3bfa","service":"api-service","timestamp":"2025-04-07 07:19:47","url":"/api/habit/getHabitsByDate/2025-04-07","userAgent":"Expo/1017655 CFNetwork/3826.400.120 Darwin/24.3.0"}
{"duration":"22ms","level":"info","message":"Request Completed","method":"GET","requestId":"jl172v7euqpoe9ea3bfa","service":"api-service","status":304,"timestamp":"2025-04-07 07:19:47","url":"/getHabitsByDate/2025-04-07"}
{"ip":"::1","level":"info","message":"Incoming Request","method":"GET","params":{},"path":"/api/habit/getUserHabits","query":{},"requestId":"2hiww9w6ahg8ldsr67t8qe","service":"api-service","timestamp":"2025-04-07 07:19:56","url":"/api/habit/getUserHabits","userAgent":"Expo/1017655 CFNetwork/3826.400.120 Darwin/24.3.0"}
{"duration":"13ms","level":"info","message":"Request Completed","method":"GET","requestId":"2hiww9w6ahg8ldsr67t8qe","service":"api-service","status":304,"timestamp":"2025-04-07 07:19:56","url":"/getUserHabits"}
{"ip":"::1","level":"info","message":"Incoming Request","method":"GET","params":{},"path":"/api/habit/getHabitsByDate/2025-04-07","query":{},"requestId":"ir1zha4nr79ws2pp7edtl","service":"api-service","timestamp":"2025-04-07 07:19:56","url":"/api/habit/getHabitsByDate/2025-04-07","userAgent":"Expo/1017655 CFNetwork/3826.400.120 Darwin/24.3.0"}
{"duration":"12ms","level":"info","message":"Request Completed","method":"GET","requestId":"ir1zha4nr79ws2pp7edtl","service":"api-service","status":304,"timestamp":"2025-04-07 07:19:56","url":"/getHabitsByDate/2025-04-07"}
{"ip":"::1","level":"info","message":"Incoming Request","method":"GET","params":{},"path":"/api/blog/getBlogs","query":{"limit":"6"},"requestId":"sky01kn1b98tvd1k295fl","service":"api-service","timestamp":"2025-04-07 07:19:59","url":"/api/blog/getBlogs?limit=6","userAgent":"Expo/1017655 CFNetwork/3826.400.120 Darwin/24.3.0"}
{"duration":"62ms","level":"info","message":"Request Completed","method":"GET","requestId":"sky01kn1b98tvd1k295fl","service":"api-service","status":304,"timestamp":"2025-04-07 07:19:59","url":"/getBlogs?limit=6"}
{"ip":"::1","level":"info","message":"Incoming Request","method":"GET","params":{},"path":"/api/domain/getAllDomains","query":{},"requestId":"a9ou94ykq1em0qfypiiidc","service":"api-service","timestamp":"2025-04-07 07:20:01","url":"/api/domain/getAllDomains","userAgent":"Expo/1017655 CFNetwork/3826.400.120 Darwin/24.3.0"}
{"duration":"4ms","level":"info","message":"Request Completed","method":"GET","requestId":"a9ou94ykq1em0qfypiiidc","service":"api-service","status":304,"timestamp":"2025-04-07 07:20:01","url":"/getAllDomains"}
{"ip":"::1","level":"info","message":"Incoming Request","method":"GET","params":{},"path":"/api/habit/getUserHabits","query":{},"requestId":"mj17lp8z5122iyrz5v8y1","service":"api-service","timestamp":"2025-04-07 07:20:02","url":"/api/habit/getUserHabits","userAgent":"Expo/1017655 CFNetwork/3826.400.120 Darwin/24.3.0"}
{"duration":"13ms","level":"info","message":"Request Completed","method":"GET","requestId":"mj17lp8z5122iyrz5v8y1","service":"api-service","status":304,"timestamp":"2025-04-07 07:20:02","url":"/getUserHabits"}
{"ip":"::1","level":"info","message":"Incoming Request","method":"GET","params":{},"path":"/api/habit/domains","query":{},"requestId":"kpa1n6buoiewzzlerb67ll","service":"api-service","timestamp":"2025-04-07 07:20:03","url":"/api/habit/domains","userAgent":"Expo/1017655 CFNetwork/3826.400.120 Darwin/24.3.0"}
{"duration":"20ms","level":"info","message":"Request Completed","method":"GET","requestId":"kpa1n6buoiewzzlerb67ll","service":"api-service","status":304,"timestamp":"2025-04-07 07:20:03","url":"/domains"}
{"ip":"::1","level":"info","message":"Incoming Request","method":"GET","params":{},"path":"/api/habit/analytics/7","query":{},"requestId":"7k0xor5922bo75w3ehe63","service":"api-service","timestamp":"2025-04-07 07:20:03","url":"/api/habit/analytics/7","userAgent":"Expo/1017655 CFNetwork/3826.400.120 Darwin/24.3.0"}
{"duration":"23ms","level":"info","message":"Request Completed","method":"GET","requestId":"7k0xor5922bo75w3ehe63","service":"api-service","status":304,"timestamp":"2025-04-07 07:20:03","url":"/analytics/7"}
{"ip":"::1","level":"info","message":"Incoming Request","method":"GET","params":{},"path":"/api/habit/analytics/6","query":{},"requestId":"va221nab7voeoacwse07","service":"api-service","timestamp":"2025-04-07 07:20:07","url":"/api/habit/analytics/6","userAgent":"Expo/1017655 CFNetwork/3826.400.120 Darwin/24.3.0"}
{"duration":"14ms","level":"info","message":"Request Completed","method":"GET","requestId":"va221nab7voeoacwse07","service":"api-service","status":200,"timestamp":"2025-04-07 07:20:07","url":"/analytics/6"}
{"ip":"::1","level":"info","message":"Incoming Request","method":"GET","params":{},"path":"/api/leaderboard/points","query":{"limit":"10","timeframe":"weekly"},"requestId":"ak6yqrc5tcdqgx3ph283xd","service":"api-service","timestamp":"2025-04-07 07:20:09","url":"/api/leaderboard/points?timeframe=weekly&limit=10","userAgent":"Expo/1017655 CFNetwork/3826.400.120 Darwin/24.3.0"}
{"ip":"::1","level":"info","message":"Incoming Request","method":"GET","params":{},"path":"/api/leaderboard/points","query":{"limit":"10","timeframe":"weekly"},"requestId":"rgsizj31ch9s29v7a64fp","service":"api-service","timestamp":"2025-04-07 07:20:09","url":"/api/leaderboard/points?timeframe=weekly&limit=10","userAgent":"Expo/1017655 CFNetwork/3826.400.120 Darwin/24.3.0"}
{"duration":"10ms","level":"info","message":"Request Completed","method":"GET","requestId":"ak6yqrc5tcdqgx3ph283xd","service":"api-service","status":304,"timestamp":"2025-04-07 07:20:09","url":"/points?timeframe=weekly&limit=10"}
{"duration":"8ms","level":"info","message":"Request Completed","method":"GET","requestId":"rgsizj31ch9s29v7a64fp","service":"api-service","status":304,"timestamp":"2025-04-07 07:20:09","url":"/points?timeframe=weekly&limit=10"}
{"ip":"::1","level":"info","message":"Incoming Request","method":"GET","params":{},"path":"/api/leaderboard/streaks","query":{"limit":"10"},"requestId":"ql8qobq99dd43hvz9xi6b","service":"api-service","timestamp":"2025-04-07 07:20:14","url":"/api/leaderboard/streaks?limit=10","userAgent":"Expo/1017655 CFNetwork/3826.400.120 Darwin/24.3.0"}
{"duration":"11ms","level":"info","message":"Request Completed","method":"GET","requestId":"ql8qobq99dd43hvz9xi6b","service":"api-service","status":304,"timestamp":"2025-04-07 07:20:14","url":"/streaks?limit=10"}
{"ip":"::1","level":"info","message":"Incoming Request","method":"GET","params":{},"path":"/api/leaderboard/domains","query":{"limit":"10","timeframe":"weekly"},"requestId":"l3q4r6r8qhr75xqz9n5ev","service":"api-service","timestamp":"2025-04-07 07:20:32","url":"/api/leaderboard/domains?timeframe=weekly&limit=10","userAgent":"Expo/1017655 CFNetwork/3826.400.120 Darwin/24.3.0"}
{"duration":"7ms","level":"info","message":"Request Completed","method":"GET","requestId":"l3q4r6r8qhr75xqz9n5ev","service":"api-service","status":304,"timestamp":"2025-04-07 07:20:32","url":"/domains?timeframe=weekly&limit=10"}
{"ip":"::1","level":"info","message":"Incoming Request","method":"GET","params":{},"path":"/api/habit/domains","query":{},"requestId":"pl4suyr85nlz5krtuhzkjs","service":"api-service","timestamp":"2025-04-07 07:25:16","url":"/api/habit/domains","userAgent":"Expo/1017655 CFNetwork/3826.400.120 Darwin/24.3.0"}
{"ip":"::1","level":"info","message":"Incoming Request","method":"GET","params":{},"path":"/api/users/verifyUser","query":{},"requestId":"dxk4kvn1o9t2th7ufiw0mq","service":"api-service","timestamp":"2025-04-07 07:25:16","url":"/api/users/verifyUser","userAgent":"Expo/1017655 CFNetwork/3826.400.120 Darwin/24.3.0"}
{"duration":"218ms","level":"info","message":"Request Completed","method":"GET","requestId":"dxk4kvn1o9t2th7ufiw0mq","service":"api-service","status":304,"timestamp":"2025-04-07 07:25:16","url":"/verifyUser"}
{"duration":"256ms","level":"info","message":"Request Completed","method":"GET","requestId":"pl4suyr85nlz5krtuhzkjs","service":"api-service","status":304,"timestamp":"2025-04-07 07:25:16","url":"/domains"}
{"ip":"::1","level":"info","message":"Incoming Request","method":"GET","params":{},"path":"/api/habit/getUserHabits","query":{},"requestId":"vcihpodagilup088cvu59e","service":"api-service","timestamp":"2025-04-07 07:25:16","url":"/api/habit/getUserHabits","userAgent":"Expo/1017655 CFNetwork/3826.400.120 Darwin/24.3.0"}
{"duration":"64ms","level":"info","message":"Request Completed","method":"GET","requestId":"vcihpodagilup088cvu59e","service":"api-service","status":304,"timestamp":"2025-04-07 07:25:16","url":"/getUserHabits"}
{"ip":"::1","level":"info","message":"Incoming Request","method":"GET","params":{},"path":"/api/habit/getHabitsByDate/2025-04-07","query":{},"requestId":"0pavdutcz75fanqt1p68yi9","service":"api-service","timestamp":"2025-04-07 07:25:16","url":"/api/habit/getHabitsByDate/2025-04-07","userAgent":"Expo/1017655 CFNetwork/3826.400.120 Darwin/24.3.0"}
{"duration":"46ms","level":"info","message":"Request Completed","method":"GET","requestId":"0pavdutcz75fanqt1p68yi9","service":"api-service","status":304,"timestamp":"2025-04-07 07:25:16","url":"/getHabitsByDate/2025-04-07"}
{"ip":"::1","level":"info","message":"Incoming Request","method":"GET","params":{},"path":"/api/habit/getUserHabits","query":{},"requestId":"4g085cs47nfooq19o8hghd","service":"api-service","timestamp":"2025-04-07 07:25:25","url":"/api/habit/getUserHabits","userAgent":"Expo/1017655 CFNetwork/3826.400.120 Darwin/24.3.0"}
{"duration":"10ms","level":"info","message":"Request Completed","method":"GET","requestId":"4g085cs47nfooq19o8hghd","service":"api-service","status":304,"timestamp":"2025-04-07 07:25:25","url":"/getUserHabits"}
{"ip":"::1","level":"info","message":"Incoming Request","method":"GET","params":{},"path":"/api/habit/getHabitsByDate/2025-04-07","query":{},"requestId":"5d6vpklxg8ssmm1xdy1lnm","service":"api-service","timestamp":"2025-04-07 07:25:25","url":"/api/habit/getHabitsByDate/2025-04-07","userAgent":"Expo/1017655 CFNetwork/3826.400.120 Darwin/24.3.0"}
{"duration":"9ms","level":"info","message":"Request Completed","method":"GET","requestId":"5d6vpklxg8ssmm1xdy1lnm","service":"api-service","status":304,"timestamp":"2025-04-07 07:25:25","url":"/getHabitsByDate/2025-04-07"}
{"ip":"::1","level":"info","message":"Incoming Request","method":"GET","params":{},"path":"/api/domain/getAllDomains","query":{},"requestId":"h6t5ume7vknm0797w8br9","service":"api-service","timestamp":"2025-04-07 07:27:00","url":"/api/domain/getAllDomains","userAgent":"Expo/1017655 CFNetwork/3826.400.120 Darwin/24.3.0"}
{"duration":"534ms","level":"info","message":"Request Completed","method":"GET","requestId":"h6t5ume7vknm0797w8br9","service":"api-service","status":304,"timestamp":"2025-04-07 07:27:01","url":"/getAllDomains"}
{"ip":"::1","level":"info","message":"Incoming Request","method":"GET","params":{},"path":"/api/users/verifyUser","query":{},"requestId":"ibxpbq42mpg0pbq8nv9eofq","service":"api-service","timestamp":"2025-04-07 12:59:04","url":"/api/users/verifyUser","userAgent":"Expo/1017655 CFNetwork/3826.400.120 Darwin/24.3.0"}
{"duration":"47ms","level":"info","message":"Request Completed","method":"GET","requestId":"ibxpbq42mpg0pbq8nv9eofq","service":"api-service","status":304,"timestamp":"2025-04-07 12:59:04","url":"/verifyUser"}
{"ip":"::1","level":"info","message":"Incoming Request","method":"GET","params":{},"path":"/api/habit/getUserHabits","query":{},"requestId":"62z1ewhz64g3kddvykyr8p","service":"api-service","timestamp":"2025-04-07 12:59:04","url":"/api/habit/getUserHabits","userAgent":"Expo/1017655 CFNetwork/3826.400.120 Darwin/24.3.0"}
{"duration":"62ms","level":"info","message":"Request Completed","method":"GET","requestId":"62z1ewhz64g3kddvykyr8p","service":"api-service","status":304,"timestamp":"2025-04-07 12:59:05","url":"/getUserHabits"}
{"ip":"::1","level":"info","message":"Incoming Request","method":"GET","params":{},"path":"/api/habit/getHabitsByDate/2025-04-07","query":{},"requestId":"gpx23f22kigzexiio9k439","service":"api-service","timestamp":"2025-04-07 12:59:05","url":"/api/habit/getHabitsByDate/2025-04-07","userAgent":"Expo/1017655 CFNetwork/3826.400.120 Darwin/24.3.0"}
{"duration":"15ms","level":"info","message":"Request Completed","method":"GET","requestId":"gpx23f22kigzexiio9k439","service":"api-service","status":304,"timestamp":"2025-04-07 12:59:05","url":"/getHabitsByDate/2025-04-07"}
{"ip":"::1","level":"info","message":"Incoming Request","method":"GET","params":{},"path":"/api/users/verifyUser","query":{},"requestId":"sx1ndk5yu0enre39usbwoc","service":"api-service","timestamp":"2025-04-07 12:59:13","url":"/api/users/verifyUser","userAgent":"Expo/1017655 CFNetwork/3826.400.120 Darwin/24.3.0"}
{"duration":"4ms","level":"info","message":"Request Completed","method":"GET","requestId":"sx1ndk5yu0enre39usbwoc","service":"api-service","status":304,"timestamp":"2025-04-07 12:59:13","url":"/verifyUser"}
{"ip":"::1","level":"info","message":"Incoming Request","method":"GET","params":{},"path":"/api/habit/getUserHabits","query":{},"requestId":"wnqgprsnonutavmbtree","service":"api-service","timestamp":"2025-04-07 12:59:14","url":"/api/habit/getUserHabits","userAgent":"Expo/1017655 CFNetwork/3826.400.120 Darwin/24.3.0"}
{"duration":"10ms","level":"info","message":"Request Completed","method":"GET","requestId":"wnqgprsnonutavmbtree","service":"api-service","status":304,"timestamp":"2025-04-07 12:59:14","url":"/getUserHabits"}
{"ip":"::1","level":"info","message":"Incoming Request","method":"GET","params":{},"path":"/api/habit/getHabitsByDate/2025-04-07","query":{},"requestId":"fzt5j2dancvrmu53k3oh","service":"api-service","timestamp":"2025-04-07 12:59:14","url":"/api/habit/getHabitsByDate/2025-04-07","userAgent":"Expo/1017655 CFNetwork/3826.400.120 Darwin/24.3.0"}
{"duration":"9ms","level":"info","message":"Request Completed","method":"GET","requestId":"fzt5j2dancvrmu53k3oh","service":"api-service","status":304,"timestamp":"2025-04-07 12:59:14","url":"/getHabitsByDate/2025-04-07"}
{"ip":"::1","level":"info","message":"Incoming Request","method":"GET","params":{},"path":"/api/users/verifyUser","query":{},"requestId":"xvkqrj46xlhrifyx9nru","service":"api-service","timestamp":"2025-04-07 12:59:36","url":"/api/users/verifyUser","userAgent":"Expo/1017655 CFNetwork/3826.400.120 Darwin/24.3.0"}
{"duration":"12ms","level":"info","message":"Request Completed","method":"GET","requestId":"xvkqrj46xlhrifyx9nru","service":"api-service","status":304,"timestamp":"2025-04-07 12:59:36","url":"/verifyUser"}
{"ip":"::1","level":"info","message":"Incoming Request","method":"GET","params":{},"path":"/api/users/verifyUser","query":{},"requestId":"bezgmijcjii9x7wiukgpgk","service":"api-service","timestamp":"2025-04-07 12:59:48","url":"/api/users/verifyUser","userAgent":"Expo/1017655 CFNetwork/3826.400.120 Darwin/24.3.0"}
{"duration":"4ms","level":"info","message":"Request Completed","method":"GET","requestId":"bezgmijcjii9x7wiukgpgk","service":"api-service","status":304,"timestamp":"2025-04-07 12:59:48","url":"/verifyUser"}
{"ip":"::1","level":"info","message":"Incoming Request","method":"GET","params":{},"path":"/api/habit/getUserHabits","query":{},"requestId":"c6oxp7msob7dsa1iig6x55","service":"api-service","timestamp":"2025-04-07 12:59:48","url":"/api/habit/getUserHabits","userAgent":"Expo/1017655 CFNetwork/3826.400.120 Darwin/24.3.0"}
{"duration":"10ms","level":"info","message":"Request Completed","method":"GET","requestId":"c6oxp7msob7dsa1iig6x55","service":"api-service","status":304,"timestamp":"2025-04-07 12:59:48","url":"/getUserHabits"}
{"ip":"::1","level":"info","message":"Incoming Request","method":"GET","params":{},"path":"/api/habit/getHabitsByDate/2025-04-07","query":{},"requestId":"ix9acpyf1hgkedzkgo865e","service":"api-service","timestamp":"2025-04-07 12:59:48","url":"/api/habit/getHabitsByDate/2025-04-07","userAgent":"Expo/1017655 CFNetwork/3826.400.120 Darwin/24.3.0"}
{"duration":"14ms","level":"info","message":"Request Completed","method":"GET","requestId":"ix9acpyf1hgkedzkgo865e","service":"api-service","status":304,"timestamp":"2025-04-07 12:59:48","url":"/getHabitsByDate/2025-04-07"}
{"ip":"::1","level":"info","message":"Incoming Request","method":"GET","params":{},"path":"/api/domain/getAllDomains","query":{},"requestId":"pukvs3m9irs6k86wnl5tah","service":"api-service","timestamp":"2025-04-07 12:59:49","url":"/api/domain/getAllDomains","userAgent":"Expo/1017655 CFNetwork/3826.400.120 Darwin/24.3.0"}
{"duration":"38ms","level":"info","message":"Request Completed","method":"GET","requestId":"pukvs3m9irs6k86wnl5tah","service":"api-service","status":304,"timestamp":"2025-04-07 12:59:49","url":"/getAllDomains"}
{"ip":"::1","level":"info","message":"Incoming Request","method":"GET","params":{},"path":"/api/domain/getAllDomains","query":{},"requestId":"yjyq81lhenzxwkkdcvrxn","service":"api-service","timestamp":"2025-04-07 13:06:18","url":"/api/domain/getAllDomains","userAgent":"Expo/1017655 CFNetwork/3826.400.120 Darwin/24.3.0"}
{"ip":"::1","level":"info","message":"Incoming Request","method":"GET","params":{},"path":"/api/users/verifyUser","query":{},"requestId":"2bb775ned8wjjckdtz28la","service":"api-service","timestamp":"2025-04-07 13:06:18","url":"/api/users/verifyUser","userAgent":"Expo/1017655 CFNetwork/3826.400.120 Darwin/24.3.0"}
{"duration":"40ms","level":"info","message":"Request Completed","method":"GET","requestId":"yjyq81lhenzxwkkdcvrxn","service":"api-service","status":304,"timestamp":"2025-04-07 13:06:18","url":"/getAllDomains"}
{"duration":"149ms","level":"info","message":"Request Completed","method":"GET","requestId":"2bb775ned8wjjckdtz28la","service":"api-service","status":304,"timestamp":"2025-04-07 13:06:18","url":"/verifyUser"}
{"ip":"::1","level":"info","message":"Incoming Request","method":"GET","params":{},"path":"/api/habit/getUserHabits","query":{},"requestId":"8i8bk225nbva4ot9x40vl","service":"api-service","timestamp":"2025-04-07 13:06:18","url":"/api/habit/getUserHabits","userAgent":"Expo/1017655 CFNetwork/3826.400.120 Darwin/24.3.0"}
{"duration":"174ms","level":"info","message":"Request Completed","method":"GET","requestId":"8i8bk225nbva4ot9x40vl","service":"api-service","status":304,"timestamp":"2025-04-07 13:06:19","url":"/getUserHabits"}
{"ip":"::1","level":"info","message":"Incoming Request","method":"GET","params":{},"path":"/api/habit/getHabitsByDate/2025-04-07","query":{},"requestId":"rqma8xp4y9ii3q2nkllm5","service":"api-service","timestamp":"2025-04-07 13:06:19","url":"/api/habit/getHabitsByDate/2025-04-07","userAgent":"Expo/1017655 CFNetwork/3826.400.120 Darwin/24.3.0"}
{"duration":"15ms","level":"info","message":"Request Completed","method":"GET","requestId":"rqma8xp4y9ii3q2nkllm5","service":"api-service","status":304,"timestamp":"2025-04-07 13:06:19","url":"/getHabitsByDate/2025-04-07"}
{"ip":"::1","level":"info","message":"Incoming Request","method":"GET","params":{},"path":"/api/users/verifyUser","query":{},"requestId":"xzuu34csdzfkxq4bkummmp","service":"api-service","timestamp":"2025-04-07 13:08:29","url":"/api/users/verifyUser","userAgent":"Expo/1017655 CFNetwork/3826.400.120 Darwin/24.3.0"}
{"duration":"6ms","level":"info","message":"Request Completed","method":"GET","requestId":"xzuu34csdzfkxq4bkummmp","service":"api-service","status":304,"timestamp":"2025-04-07 13:08:29","url":"/verifyUser"}
{"ip":"::1","level":"info","message":"Incoming Request","method":"GET","params":{},"path":"/api/habit/getUserHabits","query":{},"requestId":"41cud83mo5vuzwvrjq0f","service":"api-service","timestamp":"2025-04-07 13:08:29","url":"/api/habit/getUserHabits","userAgent":"Expo/1017655 CFNetwork/3826.400.120 Darwin/24.3.0"}
{"duration":"11ms","level":"info","message":"Request Completed","method":"GET","requestId":"41cud83mo5vuzwvrjq0f","service":"api-service","status":304,"timestamp":"2025-04-07 13:08:29","url":"/getUserHabits"}
{"ip":"::1","level":"info","message":"Incoming Request","method":"GET","params":{},"path":"/api/habit/getHabitsByDate/2025-04-07","query":{},"requestId":"g5pqmamvmubq0wycj8uion","service":"api-service","timestamp":"2025-04-07 13:08:30","url":"/api/habit/getHabitsByDate/2025-04-07","userAgent":"Expo/1017655 CFNetwork/3826.400.120 Darwin/24.3.0"}
{"duration":"10ms","level":"info","message":"Request Completed","method":"GET","requestId":"g5pqmamvmubq0wycj8uion","service":"api-service","status":304,"timestamp":"2025-04-07 13:08:30","url":"/getHabitsByDate/2025-04-07"}
{"ip":"::1","level":"info","message":"Incoming Request","method":"GET","params":{},"path":"/api/blog/getBlogs","query":{"limit":"6"},"requestId":"x7g2g5vxvpj8en0go4rdhh","service":"api-service","timestamp":"2025-04-07 13:08:32","url":"/api/blog/getBlogs?limit=6","userAgent":"Expo/1017655 CFNetwork/3826.400.120 Darwin/24.3.0"}
{"duration":"53ms","level":"info","message":"Request Completed","method":"GET","requestId":"x7g2g5vxvpj8en0go4rdhh","service":"api-service","status":304,"timestamp":"2025-04-07 13:08:32","url":"/getBlogs?limit=6"}
{"ip":"::1","level":"info","message":"Incoming Request","method":"GET","params":{},"path":"/api/domain/getAllDomains","query":{},"requestId":"nxyuglpf1jc9gxficp96t","service":"api-service","timestamp":"2025-04-07 13:08:34","url":"/api/domain/getAllDomains","userAgent":"Expo/1017655 CFNetwork/3826.400.120 Darwin/24.3.0"}
{"duration":"3ms","level":"info","message":"Request Completed","method":"GET","requestId":"nxyuglpf1jc9gxficp96t","service":"api-service","status":304,"timestamp":"2025-04-07 13:08:34","url":"/getAllDomains"}
{"ip":"::1","level":"info","message":"Incoming Request","method":"GET","params":{},"path":"/api/domain/getAllDomains","query":{},"requestId":"ouxttubjclqm1x9wvivl","service":"api-service","timestamp":"2025-04-07 13:15:31","url":"/api/domain/getAllDomains","userAgent":"Expo/1017655 CFNetwork/3826.400.120 Darwin/24.3.0"}
{"duration":"36ms","level":"info","message":"Request Completed","method":"GET","requestId":"ouxttubjclqm1x9wvivl","service":"api-service","status":304,"timestamp":"2025-04-07 13:15:31","url":"/getAllDomains"}
{"ip":"::1","level":"info","message":"Incoming Request","method":"GET","params":{},"path":"/api/habit/getUserHabits","query":{},"requestId":"zmvwn055kqoasm9nsqpx46","service":"api-service","timestamp":"2025-04-07 13:31:27","url":"/api/habit/getUserHabits","userAgent":"Expo/1017655 CFNetwork/3826.400.120 Darwin/24.3.0"}
{"duration":"60ms","level":"info","message":"Request Completed","method":"GET","requestId":"zmvwn055kqoasm9nsqpx46","service":"api-service","status":304,"timestamp":"2025-04-07 13:31:27","url":"/getUserHabits"}
{"ip":"::1","level":"info","message":"Incoming Request","method":"GET","params":{},"path":"/api/habit/getHabitsByDate/2025-04-07","query":{},"requestId":"7sudmf34wxt3w0jxtmajaq","service":"api-service","timestamp":"2025-04-07 13:31:27","url":"/api/habit/getHabitsByDate/2025-04-07","userAgent":"Expo/1017655 CFNetwork/3826.400.120 Darwin/24.3.0"}
{"duration":"13ms","level":"info","message":"Request Completed","method":"GET","requestId":"7sudmf34wxt3w0jxtmajaq","service":"api-service","status":304,"timestamp":"2025-04-07 13:31:27","url":"/getHabitsByDate/2025-04-07"}
{"ip":"::1","level":"info","message":"Incoming Request","method":"GET","params":{},"path":"/api/users/verifyUser","query":{},"requestId":"vpujtzl5q5oy73o56baun","service":"api-service","timestamp":"2025-04-07 13:31:55","url":"/api/users/verifyUser","userAgent":"Expo/1017655 CFNetwork/3826.400.120 Darwin/24.3.0"}
{"duration":"46ms","level":"info","message":"Request Completed","method":"GET","requestId":"vpujtzl5q5oy73o56baun","service":"api-service","status":304,"timestamp":"2025-04-07 13:31:55","url":"/verifyUser"}
{"ip":"::1","level":"info","message":"Incoming Request","method":"GET","params":{},"path":"/api/habit/getUserHabits","query":{},"requestId":"1u51i4lnhro2mkh0o1lbln","service":"api-service","timestamp":"2025-04-07 13:31:55","url":"/api/habit/getUserHabits","userAgent":"Expo/1017655 CFNetwork/3826.400.120 Darwin/24.3.0"}
{"duration":"10ms","level":"info","message":"Request Completed","method":"GET","requestId":"1u51i4lnhro2mkh0o1lbln","service":"api-service","status":304,"timestamp":"2025-04-07 13:31:55","url":"/getUserHabits"}
{"ip":"::1","level":"info","message":"Incoming Request","method":"GET","params":{},"path":"/api/habit/getHabitsByDate/2025-04-07","query":{},"requestId":"ksmr7fkx2592img6hek1wb","service":"api-service","timestamp":"2025-04-07 13:31:55","url":"/api/habit/getHabitsByDate/2025-04-07","userAgent":"Expo/1017655 CFNetwork/3826.400.120 Darwin/24.3.0"}
{"duration":"10ms","level":"info","message":"Request Completed","method":"GET","requestId":"ksmr7fkx2592img6hek1wb","service":"api-service","status":304,"timestamp":"2025-04-07 13:31:55","url":"/getHabitsByDate/2025-04-07"}
{"ip":"::1","level":"info","message":"Incoming Request","method":"GET","params":{},"path":"/api/domain/getAllDomains","query":{},"requestId":"qiufdfq39utn8jie03i2","service":"api-service","timestamp":"2025-04-07 13:31:56","url":"/api/domain/getAllDomains","userAgent":"Expo/1017655 CFNetwork/3826.400.120 Darwin/24.3.0"}
{"duration":"41ms","level":"info","message":"Request Completed","method":"GET","requestId":"qiufdfq39utn8jie03i2","service":"api-service","status":304,"timestamp":"2025-04-07 13:31:56","url":"/getAllDomains"}
